This file contains any messages produced by compilers while
running configure, to aid debugging if configure makes a mistake.

It was created by configure, which was
generated by GNU Autoconf 2.61.  Invocation command line was

  $ ./configure 

## --------- ##
## Platform. ##
## --------- ##

hostname = garfield
uname -m = i686
uname -r = 1.5.25(0.156/4/2)
uname -s = CYGWIN_NT-5.1
uname -v = 2008-06-12 19:34

/usr/bin/uname -p = unknown
/bin/uname -X     = unknown

/bin/arch              = i686
/usr/bin/arch -k       = unknown
/usr/convex/getsysinfo = unknown
/usr/bin/hostinfo      = unknown
/bin/machine           = unknown
/usr/bin/oslevel       = unknown
/bin/universe          = unknown

PATH: /usr/local/bin
PATH: /usr/bin
PATH: /bin
PATH: /usr/X11R6/bin
PATH: /cygdrive/j/ffmpeg
PATH: /cygdrive/c/WINDOWS/system32
PATH: /cygdrive/c/WINDOWS
PATH: /cygdrive/c/WINDOWS/System32/Wbem
PATH: /cygdrive/c/Program Files/CVSNT/
PATH: /cygdrive/c/Program Files/Pinnacle/Shared Files
PATH: /cygdrive/c/Program Files/Pinnacle/Shared Files/Filter
PATH: /usr/X11R6/bin
PATH: /usr/X11R6/bin


## ----------- ##
## Core tests. ##
## ----------- ##

configure:2052: checking for a BSD-compatible install
configure:2108: result: /usr/bin/install -c
configure:2119: checking whether build environment is sane
configure:2162: result: yes
configure:2190: checking for a thread-safe mkdir -p
configure:2229: result: /usr/bin/mkdir -p
configure:2242: checking for gawk
configure:2258: found /usr/bin/gawk
configure:2269: result: gawk
configure:2280: checking whether make sets $(MAKE)
configure:2301: result: yes
configure:2553: checking for gcc
configure:2569: found /usr/bin/gcc
configure:2580: result: gcc
configure:2818: checking for C compiler version
configure:2825: gcc --version >&5
gcc (GCC) 3.4.4 (cygming special, gdc 0.12, using dmd 0.125)
Copyright (C) 2004 Free Software Foundation, Inc.
This is free software; see the source for copying conditions.  There is NO
warranty; not even for MERCHANTABILITY or FITNESS FOR A PARTICULAR PURPOSE.

configure:2828: $? = 0
configure:2835: gcc -v >&5
Reading specs from /usr/lib/gcc/i686-pc-cygwin/3.4.4/specs
Configured with: /usr/build/package/orig/test.respin/gcc-3.4.4-3/configure --verbose --prefix=/usr --exec-prefix=/usr --sysconfdir=/etc --libdir=/usr/lib --libexecdir=/usr/lib --mandir=/usr/share/man --infodir=/usr/share/info --enable-languages=c,ada,c++,d,f77,pascal,java,objc --enable-nls --without-included-gettext --enable-version-specific-runtime-libs --without-x --enable-libgcj --disable-java-awt --with-system-zlib --enable-interpreter --disable-libgcj-debug --enable-threads=posix --enable-java-gc=boehm --disable-win32-registry --enable-sjlj-exceptions --enable-hash-synchronization --enable-libstdcxx-debug
Thread model: posix
gcc version 3.4.4 (cygming special, gdc 0.12, using dmd 0.125)
configure:2838: $? = 0
configure:2845: gcc -V >&5
gcc: `-V' option must have argument
configure:2848: $? = 1
configure:2871: checking for C compiler default output file name
configure:2898: gcc  -Wall   conftest.c  >&5
configure:2901: $? = 0
configure:2939: result: a.exe
configure:2956: checking whether the C compiler works
configure:2966: ./a.exe
configure:2969: $? = 0
configure:2986: result: yes
configure:2993: checking whether we are cross compiling
configure:2995: result: no
configure:2998: checking for suffix of executables
configure:3005: gcc -o conftest.exe  -Wall   conftest.c  >&5
configure:3008: $? = 0
configure:3032: result: .exe
configure:3038: checking for suffix of object files
configure:3064: gcc -c  -Wall  conftest.c >&5
configure:3067: $? = 0
configure:3090: result: o
configure:3094: checking whether we are using the GNU C compiler
configure:3123: gcc -c  -Wall  conftest.c >&5
configure:3129: $? = 0
configure:3146: result: yes
configure:3151: checking whether gcc accepts -g
configure:3181: gcc -c -g  conftest.c >&5
configure:3187: $? = 0
configure:3286: result: yes
configure:3303: checking for gcc option to accept ISO C89
configure:3377: gcc  -c  -Wall  conftest.c >&5
configure:3383: $? = 0
configure:3406: result: none needed
configure:3435: checking for style of include used by make
configure:3463: result: GNU
configure:3488: checking dependency style of gcc
configure:3579: result: gcc3
configure:3595: checking whether gcc and cc understand -c and -o together
configure:3630: gcc -c conftest.c -o conftest2.o >&5
configure:3633: $? = 0
configure:3639: gcc -c conftest.c -o conftest2.o >&5
configure:3642: $? = 0
configure:3653: cc -c conftest.c >&5
configure:3656: $? = 0
configure:3664: cc -c conftest.c -o conftest2.o >&5
configure:3667: $? = 0
configure:3673: cc -c conftest.c -o conftest2.o >&5
configure:3676: $? = 0
configure:3694: result: yes
configure:3733: checking for a BSD-compatible install
configure:3789: result: /usr/bin/install -c
configure:3880: checking build system type
configure:3898: result: i686-pc-cygwin
configure:3920: checking host system type
configure:3935: result: i686-pc-cygwin
configure:3957: checking for a sed that does not truncate output
configure:4013: result: /usr/bin/sed
configure:4016: checking for grep that handles long lines and -e
configure:4090: result: /usr/bin/grep
configure:4095: checking for egrep
configure:4173: result: /usr/bin/grep -E
configure:4189: checking for ld used by gcc
configure:4256: result: /usr/i686-pc-cygwin/bin/ld.exe
configure:4265: checking if the linker (/usr/i686-pc-cygwin/bin/ld.exe) is GNU ld
configure:4280: result: yes
configure:4285: checking for /usr/i686-pc-cygwin/bin/ld.exe option to reload object files
configure:4292: result: -r
configure:4310: checking for BSD-compatible nm
configure:4359: result: /usr/bin/nm -B
configure:4363: checking whether ln -s works
configure:4367: result: yes
configure:4374: checking how to recognize dependent libraries
configure:4560: result: file_magic ^x86 archive import|^x86 DLL
configure:4834: checking for dlltool
configure:4850: found /usr/bin/dlltool
configure:4861: result: dlltool
configure:4930: checking for as
configure:4946: found /usr/bin/as
configure:4957: result: as
configure:5026: checking for objdump
configure:5042: found /usr/bin/objdump
configure:5053: result: objdump
configure:5091: checking how to run the C preprocessor
configure:5131: gcc -E  conftest.c
configure:5137: $? = 0
configure:5168: gcc -E  conftest.c
conftest.c:10:28: ac_nonexistent.h: No such file or directory
configure:5174: $? = 1
configure: failed program was:
| /* confdefs.h.  */
| #define PACKAGE_NAME ""
| #define PACKAGE_TARNAME ""
| #define PACKAGE_VERSION ""
| #define PACKAGE_STRING ""
| #define PACKAGE_BUGREPORT ""
| #define PACKAGE "fluidsynth"
| #define VERSION "1.0.8"
| /* end confdefs.h.  */
| #include <ac_nonexistent.h>
configure:5207: result: gcc -E
configure:5236: gcc -E  conftest.c
configure:5242: $? = 0
configure:5273: gcc -E  conftest.c
conftest.c:10:28: ac_nonexistent.h: No such file or directory
configure:5279: $? = 1
configure: failed program was:
| /* confdefs.h.  */
| #define PACKAGE_NAME ""
| #define PACKAGE_TARNAME ""
| #define PACKAGE_VERSION ""
| #define PACKAGE_STRING ""
| #define PACKAGE_BUGREPORT ""
| #define PACKAGE "fluidsynth"
| #define VERSION "1.0.8"
| /* end confdefs.h.  */
| #include <ac_nonexistent.h>
configure:5317: checking for ANSI C header files
configure:5347: gcc -c  -Wall  conftest.c >&5
configure:5353: $? = 0
configure:5452: gcc -o conftest.exe  -Wall   conftest.c  >&5
configure:5455: $? = 0
configure:5461: ./conftest.exe
configure:5464: $? = 0
configure:5481: result: yes
configure:5505: checking for sys/types.h
configure:5526: gcc -c  -Wall  conftest.c >&5
configure:5532: $? = 0
configure:5548: result: yes
configure:5505: checking for sys/stat.h
configure:5526: gcc -c  -Wall  conftest.c >&5
configure:5532: $? = 0
configure:5548: result: yes
configure:5505: checking for stdlib.h
configure:5526: gcc -c  -Wall  conftest.c >&5
configure:5532: $? = 0
configure:5548: result: yes
configure:5505: checking for string.h
configure:5526: gcc -c  -Wall  conftest.c >&5
configure:5532: $? = 0
configure:5548: result: yes
configure:5505: checking for memory.h
configure:5526: gcc -c  -Wall  conftest.c >&5
configure:5532: $? = 0
configure:5548: result: yes
configure:5505: checking for strings.h
configure:5526: gcc -c  -Wall  conftest.c >&5
configure:5532: $? = 0
configure:5548: result: yes
configure:5505: checking for inttypes.h
configure:5526: gcc -c  -Wall  conftest.c >&5
configure:5532: $? = 0
configure:5548: result: yes
configure:5505: checking for stdint.h
configure:5526: gcc -c  -Wall  conftest.c >&5
configure:5532: $? = 0
configure:5548: result: yes
configure:5505: checking for unistd.h
configure:5526: gcc -c  -Wall  conftest.c >&5
configure:5532: $? = 0
configure:5548: result: yes
configure:5575: checking dlfcn.h usability
configure:5592: gcc -c  -Wall  conftest.c >&5
configure:5598: $? = 0
configure:5612: result: yes
configure:5616: checking dlfcn.h presence
configure:5631: gcc -E  conftest.c
configure:5637: $? = 0
configure:5651: result: yes
configure:5679: checking for dlfcn.h
configure:5687: result: yes
configure:5758: checking for g++
configure:5774: found /usr/bin/g++
configure:5785: result: g++
configure:5816: checking for C++ compiler version
configure:5823: g++ --version >&5
g++ (GCC) 3.4.4 (cygming special, gdc 0.12, using dmd 0.125)
Copyright (C) 2004 Free Software Foundation, Inc.
This is free software; see the source for copying conditions.  There is NO
warranty; not even for MERCHANTABILITY or FITNESS FOR A PARTICULAR PURPOSE.

configure:5826: $? = 0
configure:5833: g++ -v >&5
Reading specs from /usr/lib/gcc/i686-pc-cygwin/3.4.4/specs
Configured with: /usr/build/package/orig/test.respin/gcc-3.4.4-3/configure --verbose --prefix=/usr --exec-prefix=/usr --sysconfdir=/etc --libdir=/usr/lib --libexecdir=/usr/lib --mandir=/usr/share/man --infodir=/usr/share/info --enable-languages=c,ada,c++,d,f77,pascal,java,objc --enable-nls --without-included-gettext --enable-version-specific-runtime-libs --without-x --enable-libgcj --disable-java-awt --with-system-zlib --enable-interpreter --disable-libgcj-debug --enable-threads=posix --enable-java-gc=boehm --disable-win32-registry --enable-sjlj-exceptions --enable-hash-synchronization --enable-libstdcxx-debug
Thread model: posix
gcc version 3.4.4 (cygming special, gdc 0.12, using dmd 0.125)
configure:5836: $? = 0
configure:5843: g++ -V >&5
g++: `-V' option must have argument
configure:5846: $? = 1
configure:5849: checking whether we are using the GNU C++ compiler
configure:5878: g++ -c   conftest.cpp >&5
configure:5884: $? = 0
configure:5901: result: yes
configure:5906: checking whether g++ accepts -g
configure:5936: g++ -c -g  conftest.cpp >&5
configure:5942: $? = 0
configure:6041: result: yes
configure:6066: checking dependency style of g++
configure:6157: result: gcc3
configure:6182: checking how to run the C++ preprocessor
configure:6218: g++ -E  conftest.cpp
configure:6224: $? = 0
configure:6255: g++ -E  conftest.cpp
conftest.cpp:21:28: ac_nonexistent.h: No such file or directory
configure:6261: $? = 1
configure: failed program was:
| /* confdefs.h.  */
| #define PACKAGE_NAME ""
| #define PACKAGE_TARNAME ""
| #define PACKAGE_VERSION ""
| #define PACKAGE_STRING ""
| #define PACKAGE_BUGREPORT ""
| #define PACKAGE "fluidsynth"
| #define VERSION "1.0.8"
| #define STDC_HEADERS 1
| #define HAVE_SYS_TYPES_H 1
| #define HAVE_SYS_STAT_H 1
| #define HAVE_STDLIB_H 1
| #define HAVE_STRING_H 1
| #define HAVE_MEMORY_H 1
| #define HAVE_STRINGS_H 1
| #define HAVE_INTTYPES_H 1
| #define HAVE_STDINT_H 1
| #define HAVE_UNISTD_H 1
| #define HAVE_DLFCN_H 1
| /* end confdefs.h.  */
| #include <ac_nonexistent.h>
configure:6294: result: g++ -E
configure:6323: g++ -E  conftest.cpp
configure:6329: $? = 0
configure:6360: g++ -E  conftest.cpp
conftest.cpp:21:28: ac_nonexistent.h: No such file or directory
configure:6366: $? = 1
configure: failed program was:
| /* confdefs.h.  */
| #define PACKAGE_NAME ""
| #define PACKAGE_TARNAME ""
| #define PACKAGE_VERSION ""
| #define PACKAGE_STRING ""
| #define PACKAGE_BUGREPORT ""
| #define PACKAGE "fluidsynth"
| #define VERSION "1.0.8"
| #define STDC_HEADERS 1
| #define HAVE_SYS_TYPES_H 1
| #define HAVE_SYS_STAT_H 1
| #define HAVE_STDLIB_H 1
| #define HAVE_STRING_H 1
| #define HAVE_MEMORY_H 1
| #define HAVE_STRINGS_H 1
| #define HAVE_INTTYPES_H 1
| #define HAVE_STDINT_H 1
| #define HAVE_UNISTD_H 1
| #define HAVE_DLFCN_H 1
| /* end confdefs.h.  */
| #include <ac_nonexistent.h>
configure:6459: checking for g77
configure:6489: result: no
configure:6459: checking for xlf
configure:6489: result: no
configure:6459: checking for f77
configure:6489: result: no
configure:6459: checking for frt
configure:6489: result: no
configure:6459: checking for pgf77
configure:6489: result: no
configure:6459: checking for cf77
configure:6489: result: no
configure:6459: checking for fort77
configure:6489: result: no
configure:6459: checking for fl32
configure:6489: result: no
configure:6459: checking for af77
configure:6489: result: no
configure:6459: checking for xlf90
configure:6489: result: no
configure:6459: checking for f90
configure:6489: result: no
configure:6459: checking for pgf90
configure:6489: result: no
configure:6459: checking for pghpf
configure:6489: result: no
configure:6459: checking for epcf90
configure:6489: result: no
configure:6459: checking for gfortran
configure:6489: result: no
configure:6459: checking for g95
configure:6489: result: no
configure:6459: checking for xlf95
configure:6489: result: no
configure:6459: checking for f95
configure:6489: result: no
configure:6459: checking for fort
configure:6489: result: no
configure:6459: checking for ifort
configure:6489: result: no
configure:6459: checking for ifc
configure:6489: result: no
configure:6459: checking for efc
configure:6489: result: no
configure:6459: checking for pgf95
configure:6489: result: no
configure:6459: checking for lf95
configure:6489: result: no
configure:6459: checking for ftn
configure:6489: result: no
configure:6516: checking for Fortran 77 compiler version
configure:6523:  --version >&5
./configure: line 6524: --version: command not found
configure:6526: $? = 127
configure:6533:  -v >&5
./configure: line 6534: -v: command not found
configure:6536: $? = 127
configure:6543:  -V >&5
./configure: line 6544: -V: command not found
configure:6546: $? = 127
configure:6554: checking whether we are using the GNU Fortran 77 compiler
configure:6573:  -c  conftest.F >&5
./configure: line 6574: -c: command not found
configure:6579: $? = 127
configure: failed program was:
|       program main
| #ifndef __GNUC__
|        choke me
| #endif
| 
|       end
configure:6596: result: no
configure:6602: checking whether  accepts -g
configure:6619:  -c -g conftest.f >&5
./configure: line 6620: -c: command not found
configure:6625: $? = 127
configure: failed program was:
|       program main
| 
|       end
configure:6641: result: no
configure:6671: checking the maximum length of command line arguments
configure:6783: result: 8192
configure:6795: checking command to parse /usr/bin/nm -B output from gcc object
configure:6900: gcc -c  -Wall  conftest.c >&5
configure:6903: $? = 0
configure:6907: /usr/bin/nm -B conftest.o \| sed -n -e 's/^.*[ 	]\([ABCDGIRSTW][ABCDGIRSTW]*\)[ 	][ 	]*\([_A-Za-z][_A-Za-z0-9]*\)$/\1 \2 \2/p' \> conftest.nm
configure:6910: $? = 0
cannot find nm_test_var in conftest.nm
configure:6900: gcc -c  -Wall  conftest.c >&5
configure:6903: $? = 0
configure:6907: /usr/bin/nm -B conftest.o \| sed -n -e 's/^.*[ 	]\([ABCDGIRSTW][ABCDGIRSTW]*\)[ 	][ 	]*_\([_A-Za-z][_A-Za-z0-9]*\)$/\1 _\2 \2/p' \> conftest.nm
configure:6910: $? = 0
configure:6962: gcc -o conftest.exe  -Wall   conftest.c conftstm.o >&5
configure:6965: $? = 0
configure:7003: result: ok
configure:7007: checking for objdir
configure:7022: result: .libs
configure:7114: checking for ar
configure:7130: found /usr/bin/ar
configure:7141: result: ar
configure:7210: checking for ranlib
configure:7226: found /usr/bin/ranlib
configure:7237: result: ranlib
configure:7306: checking for strip
configure:7322: found /usr/bin/strip
configure:7333: result: strip
configure:7619: checking if gcc supports -fno-rtti -fno-exceptions
configure:7637: gcc -c  -Wall  -fno-rtti -fno-exceptions conftest.c >&5
cc1: warning: command line option "-fno-rtti" is valid for C++/ObjC++ but not for C
configure:7641: $? = 0
configure:7654: result: no
configure:7669: checking for gcc option to produce PIC
configure:7901: result: -DDLL_EXPORT
configure:7909: checking if gcc PIC flag -DDLL_EXPORT works
configure:7927: gcc -c  -Wall  -DDLL_EXPORT -DPIC conftest.c >&5
configure:7931: $? = 0
configure:7944: result: yes
configure:7972: checking if gcc static flag -static works
configure:8000: result: yes
configure:8010: checking if gcc supports -c -o file.o
configure:8031: gcc -c  -Wall  -o out/conftest2.o conftest.c >&5
configure:8035: $? = 0
configure:8057: result: yes
configure:8083: checking whether the gcc linker (/usr/i686-pc-cygwin/bin/ld.exe) supports shared libraries
configure:9064: result: yes
configure:9085: checking whether -lc should be explicitly linked in
configure:9090: gcc -c  -Wall  conftest.c >&5
configure:9093: $? = 0
configure:9108: gcc -shared conftest.o  -v -o ./conftest -Wl,--enable-auto-image-base -Xlinker --out-implib -Xlinker conftest 2\>\&1 \| grep  -lc  \>/dev/null 2\>\&1
configure:9111: $? = 1
configure:9123: result: yes
configure:9131: checking dynamic linker characteristics
configure:9745: result: Win32 ld.exe
configure:9754: checking how to hardcode library paths into programs
configure:9779: result: immediate
configure:9793: checking whether stripping libraries is possible
configure:9798: result: yes
configure:10600: checking if libtool supports shared libraries
configure:10602: result: yes
configure:10605: checking whether to build shared libraries
configure:10626: result: yes
configure:10629: checking whether to build static libraries
configure:10633: result: yes
configure:10726: creating libtool
configure:11314: checking for ld used by g++
configure:11381: result: /usr/i686-pc-cygwin/bin/ld.exe
configure:11390: checking if the linker (/usr/i686-pc-cygwin/bin/ld.exe) is GNU ld
configure:11405: result: yes
configure:11456: checking whether the g++ linker (/usr/i686-pc-cygwin/bin/ld.exe) supports shared libraries
configure:12430: result: yes
configure:12448: g++ -c -g -O2  conftest.cpp >&5
configure:12451: $? = 0
configure:12603: checking for g++ option to produce PIC
configure:12887: result: -DDLL_EXPORT
configure:12895: checking if g++ PIC flag -DDLL_EXPORT works
configure:12913: g++ -c -g -O2  -DDLL_EXPORT -DPIC conftest.cpp >&5
configure:12917: $? = 0
configure:12930: result: yes
configure:12958: checking if g++ static flag -static works
configure:12986: result: yes
configure:12996: checking if g++ supports -c -o file.o
configure:13017: g++ -c -g -O2  -o out/conftest2.o conftest.cpp >&5
configure:13021: $? = 0
configure:13043: result: yes
configure:13069: checking whether the g++ linker (/usr/i686-pc-cygwin/bin/ld.exe) supports shared libraries
configure:13097: result: yes
configure:13164: checking dynamic linker characteristics
configure:13726: result: Win32 ld.exe
configure:13735: checking how to hardcode library paths into programs
configure:13760: result: immediate
configure:19957: checking whether make sets $(MAKE)
configure:19978: result: yes
configure:19989: checking for pthread_create in -lpthread
configure:20024: gcc -o conftest.exe  -Wall   conftest.c -lpthread   >&5
configure:20030: $? = 0
configure:20048: result: yes
configure:20060: checking for ANSI C header files
configure:20224: result: yes
configure:20258: checking for string.h
configure:20264: result: yes
configure:20258: checking for stdlib.h
configure:20264: result: yes
configure:20268: checking stdio.h usability
configure:20285: gcc -c  -Wall  conftest.c >&5
configure:20291: $? = 0
configure:20305: result: yes
configure:20309: checking stdio.h presence
configure:20324: gcc -E  conftest.c
configure:20330: $? = 0
configure:20344: result: yes
configure:20372: checking for stdio.h
configure:20380: result: yes
configure:20268: checking math.h usability
configure:20285: gcc -c  -Wall  conftest.c >&5
configure:20291: $? = 0
configure:20305: result: yes
configure:20309: checking math.h presence
configure:20324: gcc -E  conftest.c
configure:20330: $? = 0
configure:20344: result: yes
configure:20372: checking for math.h
configure:20380: result: yes
configure:20268: checking errno.h usability
configure:20285: gcc -c  -Wall  conftest.c >&5
configure:20291: $? = 0
configure:20305: result: yes
configure:20309: checking errno.h presence
configure:20324: gcc -E  conftest.c
configure:20330: $? = 0
configure:20344: result: yes
configure:20372: checking for errno.h
configure:20380: result: yes
configure:20268: checking stdarg.h usability
configure:20285: gcc -c  -Wall  conftest.c >&5
configure:20291: $? = 0
configure:20305: result: yes
configure:20309: checking stdarg.h presence
configure:20324: gcc -E  conftest.c
configure:20330: $? = 0
configure:20344: result: yes
configure:20372: checking for stdarg.h
configure:20380: result: yes
configure:20258: checking for unistd.h
configure:20264: result: yes
configure:20268: checking sys/mman.h usability
configure:20285: gcc -c  -Wall  conftest.c >&5
configure:20291: $? = 0
configure:20305: result: yes
configure:20309: checking sys/mman.h presence
configure:20324: gcc -E  conftest.c
configure:20330: $? = 0
configure:20344: result: yes
configure:20372: checking for sys/mman.h
configure:20380: result: yes
configure:20258: checking for sys/types.h
configure:20264: result: yes
configure:20268: checking sys/time.h usability
configure:20285: gcc -c  -Wall  conftest.c >&5
configure:20291: $? = 0
configure:20305: result: yes
configure:20309: checking sys/time.h presence
configure:20324: gcc -E  conftest.c
configure:20330: $? = 0
configure:20344: result: yes
configure:20372: checking for sys/time.h
configure:20380: result: yes
configure:20258: checking for sys/stat.h
configure:20264: result: yes
configure:20268: checking fcntl.h usability
configure:20285: gcc -c  -Wall  conftest.c >&5
configure:20291: $? = 0
configure:20305: result: yes
configure:20309: checking fcntl.h presence
configure:20324: gcc -E  conftest.c
configure:20330: $? = 0
configure:20344: result: yes
configure:20372: checking for fcntl.h
configure:20380: result: yes
configure:20268: checking sys/socket.h usability
configure:20285: gcc -c  -Wall  conftest.c >&5
configure:20291: $? = 0
configure:20305: result: yes
configure:20309: checking sys/socket.h presence
configure:20324: gcc -E  conftest.c
configure:20330: $? = 0
configure:20344: result: yes
configure:20372: checking for sys/socket.h
configure:20380: result: yes
configure:20268: checking netinet/in.h usability
configure:20285: gcc -c  -Wall  conftest.c >&5
configure:20291: $? = 0
configure:20305: result: yes
configure:20309: checking netinet/in.h presence
configure:20324: gcc -E  conftest.c
configure:20330: $? = 0
configure:20344: result: yes
configure:20372: checking for netinet/in.h
configure:20380: result: yes
configure:20268: checking netinet/tcp.h usability
configure:20285: gcc -c  -Wall  conftest.c >&5
configure:20291: $? = 0
configure:20305: result: yes
configure:20309: checking netinet/tcp.h presence
configure:20324: gcc -E  conftest.c
configure:20330: $? = 0
configure:20344: result: yes
configure:20372: checking for netinet/tcp.h
configure:20380: result: yes
configure:20268: checking arpa/inet.h usability
configure:20285: gcc -c  -Wall  conftest.c >&5
configure:20291: $? = 0
configure:20305: result: yes
configure:20309: checking arpa/inet.h presence
configure:20324: gcc -E  conftest.c
configure:20330: $? = 0
configure:20344: result: yes
configure:20372: checking for arpa/inet.h
configure:20380: result: yes
configure:20268: checking limits.h usability
configure:20285: gcc -c  -Wall  conftest.c >&5
configure:20291: $? = 0
configure:20305: result: yes
configure:20309: checking limits.h presence
configure:20324: gcc -E  conftest.c
configure:20330: $? = 0
configure:20344: result: yes
configure:20372: checking for limits.h
configure:20380: result: yes
configure:20268: checking pthread.h usability
configure:20285: gcc -c  -Wall  conftest.c >&5
configure:20291: $? = 0
configure:20305: result: yes
configure:20309: checking pthread.h presence
configure:20324: gcc -E  conftest.c
configure:20330: $? = 0
configure:20344: result: yes
configure:20372: checking for pthread.h
configure:20380: result: yes
configure:20268: checking signal.h usability
configure:20285: gcc -c  -Wall  conftest.c >&5
configure:20291: $? = 0
configure:20305: result: yes
configure:20309: checking signal.h presence
configure:20324: gcc -E  conftest.c
configure:20330: $? = 0
configure:20344: result: yes
configure:20372: checking for signal.h
configure:20380: result: yes
configure:20268: checking windows.h usability
configure:20285: gcc -c  -Wall  conftest.c >&5
configure:20291: $? = 0
configure:20305: result: yes
configure:20309: checking windows.h presence
configure:20324: gcc -E  conftest.c
configure:20330: $? = 0
configure:20344: result: yes
configure:20372: checking for windows.h
configure:20380: result: yes
configure:20394: checking for inline
configure:20420: gcc -c  -Wall  conftest.c >&5
configure:20426: $? = 0
configure:20444: result: inline
configure:20463: checking whether byte ordering is bigendian
configure:20496: gcc -c  -Wall  conftest.c >&5
configure:20502: $? = 0
configure:20534: gcc -c  -Wall  conftest.c >&5
conftest.c: In function `main':
conftest.c:50: error: `not' undeclared (first use in this function)
conftest.c:50: error: (Each undeclared identifier is reported only once
conftest.c:50: error: for each function it appears in.)
conftest.c:50: error: parse error before "big"
configure:20540: $? = 1
configure: failed program was:
| /* confdefs.h.  */
| #define PACKAGE_NAME ""
| #define PACKAGE_TARNAME ""
| #define PACKAGE_VERSION ""
| #define PACKAGE_STRING ""
| #define PACKAGE_BUGREPORT ""
| #define PACKAGE "fluidsynth"
| #define VERSION "1.0.8"
| #define STDC_HEADERS 1
| #define HAVE_SYS_TYPES_H 1
| #define HAVE_SYS_STAT_H 1
| #define HAVE_STDLIB_H 1
| #define HAVE_STRING_H 1
| #define HAVE_MEMORY_H 1
| #define HAVE_STRINGS_H 1
| #define HAVE_INTTYPES_H 1
| #define HAVE_STDINT_H 1
| #define HAVE_UNISTD_H 1
| #define HAVE_DLFCN_H 1
| #define HAVE_LIBPTHREAD 1
| #define STDC_HEADERS 1
| #define HAVE_STRING_H 1
| #define HAVE_STDLIB_H 1
| #define HAVE_STDIO_H 1
| #define HAVE_MATH_H 1
| #define HAVE_ERRNO_H 1
| #define HAVE_STDARG_H 1
| #define HAVE_UNISTD_H 1
| #define HAVE_SYS_MMAN_H 1
| #define HAVE_SYS_TYPES_H 1
| #define HAVE_SYS_TIME_H 1
| #define HAVE_SYS_STAT_H 1
| #define HAVE_FCNTL_H 1
| #define HAVE_SYS_SOCKET_H 1
| #define HAVE_NETINET_IN_H 1
| #define HAVE_NETINET_TCP_H 1
| #define HAVE_ARPA_INET_H 1
| #define HAVE_LIMITS_H 1
| #define HAVE_PTHREAD_H 1
| #define HAVE_SIGNAL_H 1
| #define HAVE_WINDOWS_H 1
| /* end confdefs.h.  */
| #include <sys/types.h>
| #include <sys/param.h>
| 
| int
| main ()
| {
| #if BYTE_ORDER != BIG_ENDIAN
|  not big endian
| #endif
| 
|   ;
|   return 0;
| }
configure:20680: result: no
configure:20974: checking for pkg-config
configure:20992: found /usr/bin/pkg-config
configure:21004: result: /usr/bin/pkg-config
configure:21033: checking pkg-config is at least version 0.9.0
configure:21036: result: yes
configure:21047: checking for ALSA
configure:21055: $PKG_CONFIG --exists --print-errors "alsa >= 0.9.1"
Package alsa was not found in the pkg-config search path.
Perhaps you should add the directory containing `alsa.pc'
to the PKG_CONFIG_PATH environment variable
No package 'alsa' found
configure:21058: $? = 1
configure:21073: $PKG_CONFIG --exists --print-errors "alsa >= 0.9.1"
Package alsa was not found in the pkg-config search path.
Perhaps you should add the directory containing `alsa.pc'
to the PKG_CONFIG_PATH environment variable
No package 'alsa' found
configure:21076: $? = 1
No package 'alsa' found
configure:21104: result: no
configure:21159: checking for fcntl.h
configure:21165: result: yes
configure:21169: checking sys/ioctl.h usability
configure:21186: gcc -c  -Wall  -O2 -fomit-frame-pointer -funroll-all-loops -finline-functions -Wall -W -Wpointer-arith -Wbad-function-cast -Wcast-qual -Wcast-align -Wstrict-prototypes -Wno-unused -Winline  conftest.c >&5
configure:21192: $? = 0
configure:21206: result: yes
configure:21210: checking sys/ioctl.h presence
configure:21225: gcc -E  conftest.c
configure:21231: $? = 0
configure:21245: result: yes
configure:21273: checking for sys/ioctl.h
configure:21281: result: yes
configure:21169: checking sys/soundcard.h usability
configure:21186: gcc -c  -Wall  -O2 -fomit-frame-pointer -funroll-all-loops -finline-functions -Wall -W -Wpointer-arith -Wbad-function-cast -Wcast-qual -Wcast-align -Wstrict-prototypes -Wno-unused -Winline  conftest.c >&5
configure:21192: $? = 0
configure:21206: result: yes
configure:21210: checking sys/soundcard.h presence
configure:21225: gcc -E  conftest.c
configure:21231: $? = 0
configure:21245: result: yes
configure:21273: checking for sys/soundcard.h
configure:21281: result: yes
configure:21169: checking machine/soundcard.h usability
configure:21186: gcc -c  -Wall  -O2 -fomit-frame-pointer -funroll-all-loops -finline-functions -Wall -W -Wpointer-arith -Wbad-function-cast -Wcast-qual -Wcast-align -Wstrict-prototypes -Wno-unused -Winline  conftest.c >&5
conftest.c:81:31: machine/soundcard.h: No such file or directory
configure:21192: $? = 1
configure: failed program was:
| /* confdefs.h.  */
| #define PACKAGE_NAME ""
| #define PACKAGE_TARNAME ""
| #define PACKAGE_VERSION ""
| #define PACKAGE_STRING ""
| #define PACKAGE_BUGREPORT ""
| #define PACKAGE "fluidsynth"
| #define VERSION "1.0.8"
| #define STDC_HEADERS 1
| #define HAVE_SYS_TYPES_H 1
| #define HAVE_SYS_STAT_H 1
| #define HAVE_STDLIB_H 1
| #define HAVE_STRING_H 1
| #define HAVE_MEMORY_H 1
| #define HAVE_STRINGS_H 1
| #define HAVE_INTTYPES_H 1
| #define HAVE_STDINT_H 1
| #define HAVE_UNISTD_H 1
| #define HAVE_DLFCN_H 1
| #define HAVE_LIBPTHREAD 1
| #define STDC_HEADERS 1
| #define HAVE_STRING_H 1
| #define HAVE_STDLIB_H 1
| #define HAVE_STDIO_H 1
| #define HAVE_MATH_H 1
| #define HAVE_ERRNO_H 1
| #define HAVE_STDARG_H 1
| #define HAVE_UNISTD_H 1
| #define HAVE_SYS_MMAN_H 1
| #define HAVE_SYS_TYPES_H 1
| #define HAVE_SYS_TIME_H 1
| #define HAVE_SYS_STAT_H 1
| #define HAVE_FCNTL_H 1
| #define HAVE_SYS_SOCKET_H 1
| #define HAVE_NETINET_IN_H 1
| #define HAVE_NETINET_TCP_H 1
| #define HAVE_ARPA_INET_H 1
| #define HAVE_LIMITS_H 1
| #define HAVE_PTHREAD_H 1
| #define HAVE_SIGNAL_H 1
| #define HAVE_WINDOWS_H 1
| #define WITH_FLOAT 1
| #define DEBUG 0
| #define HAVE_FCNTL_H 1
| #define HAVE_SYS_IOCTL_H 1
| #define HAVE_SYS_SOUNDCARD_H 1
| /* end confdefs.h.  */
| #include <stdio.h>
| #ifdef HAVE_SYS_TYPES_H
| # include <sys/types.h>
| #endif
| #ifdef HAVE_SYS_STAT_H
| # include <sys/stat.h>
| #endif
| #ifdef STDC_HEADERS
| # include <stdlib.h>
| # include <stddef.h>
| #else
| # ifdef HAVE_STDLIB_H
| #  include <stdlib.h>
| # endif
| #endif
| #ifdef HAVE_STRING_H
| # if !defined STDC_HEADERS && defined HAVE_MEMORY_H
| #  include <memory.h>
| # endif
| # include <string.h>
| #endif
| #ifdef HAVE_STRINGS_H
| # include <strings.h>
| #endif
| #ifdef HAVE_INTTYPES_H
| # include <inttypes.h>
| #endif
| #ifdef HAVE_STDINT_H
| # include <stdint.h>
| #endif
| #ifdef HAVE_UNISTD_H
| # include <unistd.h>
| #endif
| #include <machine/soundcard.h>
configure:21206: result: no
configure:21210: checking machine/soundcard.h presence
configure:21225: gcc -E  conftest.c
conftest.c:48:31: machine/soundcard.h: No such file or directory
configure:21231: $? = 1
configure: failed program was:
| /* confdefs.h.  */
| #define PACKAGE_NAME ""
| #define PACKAGE_TARNAME ""
| #define PACKAGE_VERSION ""
| #define PACKAGE_STRING ""
| #define PACKAGE_BUGREPORT ""
| #define PACKAGE "fluidsynth"
| #define VERSION "1.0.8"
| #define STDC_HEADERS 1
| #define HAVE_SYS_TYPES_H 1
| #define HAVE_SYS_STAT_H 1
| #define HAVE_STDLIB_H 1
| #define HAVE_STRING_H 1
| #define HAVE_MEMORY_H 1
| #define HAVE_STRINGS_H 1
| #define HAVE_INTTYPES_H 1
| #define HAVE_STDINT_H 1
| #define HAVE_UNISTD_H 1
| #define HAVE_DLFCN_H 1
| #define HAVE_LIBPTHREAD 1
| #define STDC_HEADERS 1
| #define HAVE_STRING_H 1
| #define HAVE_STDLIB_H 1
| #define HAVE_STDIO_H 1
| #define HAVE_MATH_H 1
| #define HAVE_ERRNO_H 1
| #define HAVE_STDARG_H 1
| #define HAVE_UNISTD_H 1
| #define HAVE_SYS_MMAN_H 1
| #define HAVE_SYS_TYPES_H 1
| #define HAVE_SYS_TIME_H 1
| #define HAVE_SYS_STAT_H 1
| #define HAVE_FCNTL_H 1
| #define HAVE_SYS_SOCKET_H 1
| #define HAVE_NETINET_IN_H 1
| #define HAVE_NETINET_TCP_H 1
| #define HAVE_ARPA_INET_H 1
| #define HAVE_LIMITS_H 1
| #define HAVE_PTHREAD_H 1
| #define HAVE_SIGNAL_H 1
| #define HAVE_WINDOWS_H 1
| #define WITH_FLOAT 1
| #define DEBUG 0
| #define HAVE_FCNTL_H 1
| #define HAVE_SYS_IOCTL_H 1
| #define HAVE_SYS_SOUNDCARD_H 1
| /* end confdefs.h.  */
| #include <machine/soundcard.h>
configure:21245: result: no
configure:21273: checking for machine/soundcard.h
configure:21281: result: no
configure:21349: checking MidiShare.h usability
configure:21366: gcc -c  -Wall  -O2 -fomit-frame-pointer -funroll-all-loops -finline-functions -Wall -W -Wpointer-arith -Wbad-function-cast -Wcast-qual -Wcast-align -Wstrict-prototypes -Wno-unused -Winline  conftest.c >&5
conftest.c:82:23: MidiShare.h: No such file or directory
configure:21372: $? = 1
configure: failed program was:
| /* confdefs.h.  */
| #define PACKAGE_NAME ""
| #define PACKAGE_TARNAME ""
| #define PACKAGE_VERSION ""
| #define PACKAGE_STRING ""
| #define PACKAGE_BUGREPORT ""
| #define PACKAGE "fluidsynth"
| #define VERSION "1.0.8"
| #define STDC_HEADERS 1
| #define HAVE_SYS_TYPES_H 1
| #define HAVE_SYS_STAT_H 1
| #define HAVE_STDLIB_H 1
| #define HAVE_STRING_H 1
| #define HAVE_MEMORY_H 1
| #define HAVE_STRINGS_H 1
| #define HAVE_INTTYPES_H 1
| #define HAVE_STDINT_H 1
| #define HAVE_UNISTD_H 1
| #define HAVE_DLFCN_H 1
| #define HAVE_LIBPTHREAD 1
| #define STDC_HEADERS 1
| #define HAVE_STRING_H 1
| #define HAVE_STDLIB_H 1
| #define HAVE_STDIO_H 1
| #define HAVE_MATH_H 1
| #define HAVE_ERRNO_H 1
| #define HAVE_STDARG_H 1
| #define HAVE_UNISTD_H 1
| #define HAVE_SYS_MMAN_H 1
| #define HAVE_SYS_TYPES_H 1
| #define HAVE_SYS_TIME_H 1
| #define HAVE_SYS_STAT_H 1
| #define HAVE_FCNTL_H 1
| #define HAVE_SYS_SOCKET_H 1
| #define HAVE_NETINET_IN_H 1
| #define HAVE_NETINET_TCP_H 1
| #define HAVE_ARPA_INET_H 1
| #define HAVE_LIMITS_H 1
| #define HAVE_PTHREAD_H 1
| #define HAVE_SIGNAL_H 1
| #define HAVE_WINDOWS_H 1
| #define WITH_FLOAT 1
| #define DEBUG 0
| #define HAVE_FCNTL_H 1
| #define HAVE_SYS_IOCTL_H 1
| #define HAVE_SYS_SOUNDCARD_H 1
| #define OSS_SUPPORT 1
| /* end confdefs.h.  */
| #include <stdio.h>
| #ifdef HAVE_SYS_TYPES_H
| # include <sys/types.h>
| #endif
| #ifdef HAVE_SYS_STAT_H
| # include <sys/stat.h>
| #endif
| #ifdef STDC_HEADERS
| # include <stdlib.h>
| # include <stddef.h>
| #else
| # ifdef HAVE_STDLIB_H
| #  include <stdlib.h>
| # endif
| #endif
| #ifdef HAVE_STRING_H
| # if !defined STDC_HEADERS && defined HAVE_MEMORY_H
| #  include <memory.h>
| # endif
| # include <string.h>
| #endif
| #ifdef HAVE_STRINGS_H
| # include <strings.h>
| #endif
| #ifdef HAVE_INTTYPES_H
| # include <inttypes.h>
| #endif
| #ifdef HAVE_STDINT_H
| # include <stdint.h>
| #endif
| #ifdef HAVE_UNISTD_H
| # include <unistd.h>
| #endif
| #include <MidiShare.h>
configure:21386: result: no
configure:21390: checking MidiShare.h presence
configure:21405: gcc -E  conftest.c
conftest.c:49:23: MidiShare.h: No such file or directory
configure:21411: $? = 1
configure: failed program was:
| /* confdefs.h.  */
| #define PACKAGE_NAME ""
| #define PACKAGE_TARNAME ""
| #define PACKAGE_VERSION ""
| #define PACKAGE_STRING ""
| #define PACKAGE_BUGREPORT ""
| #define PACKAGE "fluidsynth"
| #define VERSION "1.0.8"
| #define STDC_HEADERS 1
| #define HAVE_SYS_TYPES_H 1
| #define HAVE_SYS_STAT_H 1
| #define HAVE_STDLIB_H 1
| #define HAVE_STRING_H 1
| #define HAVE_MEMORY_H 1
| #define HAVE_STRINGS_H 1
| #define HAVE_INTTYPES_H 1
| #define HAVE_STDINT_H 1
| #define HAVE_UNISTD_H 1
| #define HAVE_DLFCN_H 1
| #define HAVE_LIBPTHREAD 1
| #define STDC_HEADERS 1
| #define HAVE_STRING_H 1
| #define HAVE_STDLIB_H 1
| #define HAVE_STDIO_H 1
| #define HAVE_MATH_H 1
| #define HAVE_ERRNO_H 1
| #define HAVE_STDARG_H 1
| #define HAVE_UNISTD_H 1
| #define HAVE_SYS_MMAN_H 1
| #define HAVE_SYS_TYPES_H 1
| #define HAVE_SYS_TIME_H 1
| #define HAVE_SYS_STAT_H 1
| #define HAVE_FCNTL_H 1
| #define HAVE_SYS_SOCKET_H 1
| #define HAVE_NETINET_IN_H 1
| #define HAVE_NETINET_TCP_H 1
| #define HAVE_ARPA_INET_H 1
| #define HAVE_LIMITS_H 1
| #define HAVE_PTHREAD_H 1
| #define HAVE_SIGNAL_H 1
| #define HAVE_WINDOWS_H 1
| #define WITH_FLOAT 1
| #define DEBUG 0
| #define HAVE_FCNTL_H 1
| #define HAVE_SYS_IOCTL_H 1
| #define HAVE_SYS_SOUNDCARD_H 1
| #define OSS_SUPPORT 1
| /* end confdefs.h.  */
| #include <MidiShare.h>
configure:21425: result: no
configure:21453: checking for MidiShare.h
configure:21461: result: no
configure:21568: WARNING:  *** Could not find MidiShare.h, disabling MidiShare driver
configure:21584: checking for JACK
configure:21592: $PKG_CONFIG --exists --print-errors "jack"
Package jack was not found in the pkg-config search path.
Perhaps you should add the directory containing `jack.pc'
to the PKG_CONFIG_PATH environment variable
No package 'jack' found
configure:21595: $? = 1
configure:21610: $PKG_CONFIG --exists --print-errors "jack"
Package jack was not found in the pkg-config search path.
Perhaps you should add the directory containing `jack.pc'
to the PKG_CONFIG_PATH environment variable
No package 'jack' found
configure:21613: $? = 1
No package 'jack' found
configure:21641: result: no
configure:21686: checking CoreAudio/AudioHardware.h usability
configure:21703: gcc -c  -Wall  -O2 -fomit-frame-pointer -funroll-all-loops -finline-functions -Wall -W -Wpointer-arith -Wbad-function-cast -Wcast-qual -Wcast-align -Wstrict-prototypes -Wno-unused -Winline  conftest.c >&5
conftest.c:82:37: CoreAudio/AudioHardware.h: No such file or directory
configure:21709: $? = 1
configure: failed program was:
| /* confdefs.h.  */
| #define PACKAGE_NAME ""
| #define PACKAGE_TARNAME ""
| #define PACKAGE_VERSION ""
| #define PACKAGE_STRING ""
| #define PACKAGE_BUGREPORT ""
| #define PACKAGE "fluidsynth"
| #define VERSION "1.0.8"
| #define STDC_HEADERS 1
| #define HAVE_SYS_TYPES_H 1
| #define HAVE_SYS_STAT_H 1
| #define HAVE_STDLIB_H 1
| #define HAVE_STRING_H 1
| #define HAVE_MEMORY_H 1
| #define HAVE_STRINGS_H 1
| #define HAVE_INTTYPES_H 1
| #define HAVE_STDINT_H 1
| #define HAVE_UNISTD_H 1
| #define HAVE_DLFCN_H 1
| #define HAVE_LIBPTHREAD 1
| #define STDC_HEADERS 1
| #define HAVE_STRING_H 1
| #define HAVE_STDLIB_H 1
| #define HAVE_STDIO_H 1
| #define HAVE_MATH_H 1
| #define HAVE_ERRNO_H 1
| #define HAVE_STDARG_H 1
| #define HAVE_UNISTD_H 1
| #define HAVE_SYS_MMAN_H 1
| #define HAVE_SYS_TYPES_H 1
| #define HAVE_SYS_TIME_H 1
| #define HAVE_SYS_STAT_H 1
| #define HAVE_FCNTL_H 1
| #define HAVE_SYS_SOCKET_H 1
| #define HAVE_NETINET_IN_H 1
| #define HAVE_NETINET_TCP_H 1
| #define HAVE_ARPA_INET_H 1
| #define HAVE_LIMITS_H 1
| #define HAVE_PTHREAD_H 1
| #define HAVE_SIGNAL_H 1
| #define HAVE_WINDOWS_H 1
| #define WITH_FLOAT 1
| #define DEBUG 0
| #define HAVE_FCNTL_H 1
| #define HAVE_SYS_IOCTL_H 1
| #define HAVE_SYS_SOUNDCARD_H 1
| #define OSS_SUPPORT 1
| /* end confdefs.h.  */
| #include <stdio.h>
| #ifdef HAVE_SYS_TYPES_H
| # include <sys/types.h>
| #endif
| #ifdef HAVE_SYS_STAT_H
| # include <sys/stat.h>
| #endif
| #ifdef STDC_HEADERS
| # include <stdlib.h>
| # include <stddef.h>
| #else
| # ifdef HAVE_STDLIB_H
| #  include <stdlib.h>
| # endif
| #endif
| #ifdef HAVE_STRING_H
| # if !defined STDC_HEADERS && defined HAVE_MEMORY_H
| #  include <memory.h>
| # endif
| # include <string.h>
| #endif
| #ifdef HAVE_STRINGS_H
| # include <strings.h>
| #endif
| #ifdef HAVE_INTTYPES_H
| # include <inttypes.h>
| #endif
| #ifdef HAVE_STDINT_H
| # include <stdint.h>
| #endif
| #ifdef HAVE_UNISTD_H
| # include <unistd.h>
| #endif
| #include <CoreAudio/AudioHardware.h>
configure:21723: result: no
configure:21727: checking CoreAudio/AudioHardware.h presence
configure:21742: gcc -E  conftest.c
conftest.c:49:37: CoreAudio/AudioHardware.h: No such file or directory
configure:21748: $? = 1
configure: failed program was:
| /* confdefs.h.  */
| #define PACKAGE_NAME ""
| #define PACKAGE_TARNAME ""
| #define PACKAGE_VERSION ""
| #define PACKAGE_STRING ""
| #define PACKAGE_BUGREPORT ""
| #define PACKAGE "fluidsynth"
| #define VERSION "1.0.8"
| #define STDC_HEADERS 1
| #define HAVE_SYS_TYPES_H 1
| #define HAVE_SYS_STAT_H 1
| #define HAVE_STDLIB_H 1
| #define HAVE_STRING_H 1
| #define HAVE_MEMORY_H 1
| #define HAVE_STRINGS_H 1
| #define HAVE_INTTYPES_H 1
| #define HAVE_STDINT_H 1
| #define HAVE_UNISTD_H 1
| #define HAVE_DLFCN_H 1
| #define HAVE_LIBPTHREAD 1
| #define STDC_HEADERS 1
| #define HAVE_STRING_H 1
| #define HAVE_STDLIB_H 1
| #define HAVE_STDIO_H 1
| #define HAVE_MATH_H 1
| #define HAVE_ERRNO_H 1
| #define HAVE_STDARG_H 1
| #define HAVE_UNISTD_H 1
| #define HAVE_SYS_MMAN_H 1
| #define HAVE_SYS_TYPES_H 1
| #define HAVE_SYS_TIME_H 1
| #define HAVE_SYS_STAT_H 1
| #define HAVE_FCNTL_H 1
| #define HAVE_SYS_SOCKET_H 1
| #define HAVE_NETINET_IN_H 1
| #define HAVE_NETINET_TCP_H 1
| #define HAVE_ARPA_INET_H 1
| #define HAVE_LIMITS_H 1
| #define HAVE_PTHREAD_H 1
| #define HAVE_SIGNAL_H 1
| #define HAVE_WINDOWS_H 1
| #define WITH_FLOAT 1
| #define DEBUG 0
| #define HAVE_FCNTL_H 1
| #define HAVE_SYS_IOCTL_H 1
| #define HAVE_SYS_SOUNDCARD_H 1
| #define OSS_SUPPORT 1
| /* end confdefs.h.  */
| #include <CoreAudio/AudioHardware.h>
configure:21762: result: no
configure:21790: checking for CoreAudio/AudioHardware.h
configure:21797: result: no
configure:21860: checking for readline
configure:21905: gcc -c   -Wall  -O2 -fomit-frame-pointer -funroll-all-loops -finline-functions -Wall -W -Wpointer-arith -Wbad-function-cast -Wcast-qual -Wcast-align -Wstrict-prototypes -Wno-unused -Winline  conftest.c >&5
conftest.c:55: warning: function declaration isn't a prototype
configure:21911: $? = 0
configure:21916: result: found.
configure:21953: checking for tgetent in -lmytinfo
configure:21988: gcc -o conftest.exe  -Wall  -O2 -fomit-frame-pointer -funroll-all-loops -finline-functions -Wall -W -Wpointer-arith -Wbad-function-cast -Wcast-qual -Wcast-align -Wstrict-prototypes -Wno-unused -Winline   conftest.c -lmytinfo  -lpthread  >&5
conftest.c:56: warning: function declaration isn't a prototype
conftest.c:59: warning: function declaration isn't a prototype
/usr/lib/gcc/i686-pc-cygwin/3.4.4/../../../../i686-pc-cygwin/bin/ld: cannot find -lmytinfo
collect2: ld returned 1 exit status
configure:21994: $? = 1
configure: failed program was:
| /* confdefs.h.  */
| #define PACKAGE_NAME ""
| #define PACKAGE_TARNAME ""
| #define PACKAGE_VERSION ""
| #define PACKAGE_STRING ""
| #define PACKAGE_BUGREPORT ""
| #define PACKAGE "fluidsynth"
| #define VERSION "1.0.8"
| #define STDC_HEADERS 1
| #define HAVE_SYS_TYPES_H 1
| #define HAVE_SYS_STAT_H 1
| #define HAVE_STDLIB_H 1
| #define HAVE_STRING_H 1
| #define HAVE_MEMORY_H 1
| #define HAVE_STRINGS_H 1
| #define HAVE_INTTYPES_H 1
| #define HAVE_STDINT_H 1
| #define HAVE_UNISTD_H 1
| #define HAVE_DLFCN_H 1
| #define HAVE_LIBPTHREAD 1
| #define STDC_HEADERS 1
| #define HAVE_STRING_H 1
| #define HAVE_STDLIB_H 1
| #define HAVE_STDIO_H 1
| #define HAVE_MATH_H 1
| #define HAVE_ERRNO_H 1
| #define HAVE_STDARG_H 1
| #define HAVE_UNISTD_H 1
| #define HAVE_SYS_MMAN_H 1
| #define HAVE_SYS_TYPES_H 1
| #define HAVE_SYS_TIME_H 1
| #define HAVE_SYS_STAT_H 1
| #define HAVE_FCNTL_H 1
| #define HAVE_SYS_SOCKET_H 1
| #define HAVE_NETINET_IN_H 1
| #define HAVE_NETINET_TCP_H 1
| #define HAVE_ARPA_INET_H 1
| #define HAVE_LIMITS_H 1
| #define HAVE_PTHREAD_H 1
| #define HAVE_SIGNAL_H 1
| #define HAVE_WINDOWS_H 1
| #define WITH_FLOAT 1
| #define DEBUG 0
| #define HAVE_FCNTL_H 1
| #define HAVE_SYS_IOCTL_H 1
| #define HAVE_SYS_SOUNDCARD_H 1
| #define OSS_SUPPORT 1
| /* end confdefs.h.  */
| 
| /* Override any GCC internal prototype to avoid an error.
|    Use char because int might match the return type of a GCC
|    builtin and then its argument prototype would still apply.  */
| #ifdef __cplusplus
| extern "C"
| #endif
| char tgetent ();
| int
| main ()
| {
| return tgetent ();
|   ;
|   return 0;
| }
configure:22013: result: no
configure:21953: checking for tgetent in -lncurses
configure:21988: gcc -o conftest.exe  -Wall  -O2 -fomit-frame-pointer -funroll-all-loops -finline-functions -Wall -W -Wpointer-arith -Wbad-function-cast -Wcast-qual -Wcast-align -Wstrict-prototypes -Wno-unused -Winline   conftest.c -lncurses  -lpthread  >&5
conftest.c:56: warning: function declaration isn't a prototype
conftest.c:59: warning: function declaration isn't a prototype
configure:21994: $? = 0
configure:22013: result: yes
configure:22042: checking for LASH
configure:22050: $PKG_CONFIG --exists --print-errors "lash-1.0 >= 0.3"
Package lash-1.0 was not found in the pkg-config search path.
Perhaps you should add the directory containing `lash-1.0.pc'
to the PKG_CONFIG_PATH environment variable
No package 'lash-1.0' found
configure:22053: $? = 1
configure:22068: $PKG_CONFIG --exists --print-errors "lash-1.0 >= 0.3"
Package lash-1.0 was not found in the pkg-config search path.
Perhaps you should add the directory containing `lash-1.0.pc'
to the PKG_CONFIG_PATH environment variable
No package 'lash-1.0' found
configure:22071: $? = 1
No package 'lash-1.0' found
configure:22099: result: no
configure:22144: checking for LADCCA
configure:22152: $PKG_CONFIG --exists --print-errors "ladcca-1.0 >= 0.3"
Package ladcca-1.0 was not found in the pkg-config search path.
Perhaps you should add the directory containing `ladcca-1.0.pc'
to the PKG_CONFIG_PATH environment variable
No package 'ladcca-1.0' found
configure:22155: $? = 1
configure:22170: $PKG_CONFIG --exists --print-errors "ladcca-1.0 >= 0.3"
Package ladcca-1.0 was not found in the pkg-config search path.
Perhaps you should add the directory containing `ladcca-1.0.pc'
to the PKG_CONFIG_PATH environment variable
No package 'ladcca-1.0' found
configure:22173: $? = 1
No package 'ladcca-1.0' found
configure:22201: result: no
configure:22409: creating ./config.status

## ---------------------- ##
## Running config.status. ##
## ---------------------- ##

This file was extended by config.status, which was
generated by GNU Autoconf 2.61.  Invocation command line was

  CONFIG_FILES    = 
  CONFIG_HEADERS  = 
  CONFIG_LINKS    = 
  CONFIG_COMMANDS = 
  $ ./config.status 

on garfield

config.status:714: creating Makefile
config.status:714: creating macbuild/Makefile
config.status:714: creating sf2/Makefile
config.status:714: creating winbuild/Makefile
config.status:714: creating winbuild/fluidsynth/Makefile
config.status:714: creating winbuild/fluidsynth_dll/Makefile
config.status:714: creating winbuild/fluidsynth_lib/Makefile
config.status:714: creating src/Makefile
config.status:714: creating src/config_win32.h
config.status:714: creating doc/Makefile
config.status:714: creating include/Makefile
config.status:714: creating include/fluidsynth/Makefile
config.status:714: creating include/fluidsynth/version.h
config.status:714: creating fluidsynth.pc
config.status:714: creating fluidsynth.spec
config.status:714: creating src/config.h
config.status:1016: executing depfiles commands

## ---------------- ##
## Cache variables. ##
## ---------------- ##

ac_cv_build=i686-pc-cygwin
ac_cv_c_bigendian=no
ac_cv_c_compiler_gnu=yes
ac_cv_c_inline=inline
ac_cv_cxx_compiler_gnu=yes
ac_cv_env_ALSA_CFLAGS_set=
ac_cv_env_ALSA_CFLAGS_value=
ac_cv_env_ALSA_LIBS_set=
ac_cv_env_ALSA_LIBS_value=
ac_cv_env_CCC_set=
ac_cv_env_CCC_value=
ac_cv_env_CC_set=
ac_cv_env_CC_value=
ac_cv_env_CFLAGS_set=
ac_cv_env_CFLAGS_value=
ac_cv_env_CPPFLAGS_set=
ac_cv_env_CPPFLAGS_value=
ac_cv_env_CPP_set=
ac_cv_env_CPP_value=
ac_cv_env_CXXCPP_set=
ac_cv_env_CXXCPP_value=
ac_cv_env_CXXFLAGS_set=
ac_cv_env_CXXFLAGS_value=
ac_cv_env_CXX_set=
ac_cv_env_CXX_value=
ac_cv_env_F77_set=
ac_cv_env_F77_value=
ac_cv_env_FFLAGS_set=
ac_cv_env_FFLAGS_value=
ac_cv_env_JACK_CFLAGS_set=
ac_cv_env_JACK_CFLAGS_value=
ac_cv_env_JACK_LIBS_set=
ac_cv_env_JACK_LIBS_value=
ac_cv_env_LADCCA_CFLAGS_set=
ac_cv_env_LADCCA_CFLAGS_value=
ac_cv_env_LADCCA_LIBS_set=
ac_cv_env_LADCCA_LIBS_value=
ac_cv_env_LASH_CFLAGS_set=
ac_cv_env_LASH_CFLAGS_value=
ac_cv_env_LASH_LIBS_set=
ac_cv_env_LASH_LIBS_value=
ac_cv_env_LDFLAGS_set=
ac_cv_env_LDFLAGS_value=
ac_cv_env_LIBS_set=
ac_cv_env_LIBS_value=
ac_cv_env_PKG_CONFIG_set=
ac_cv_env_PKG_CONFIG_value=
ac_cv_env_build_alias_set=
ac_cv_env_build_alias_value=
ac_cv_env_host_alias_set=
ac_cv_env_host_alias_value=
ac_cv_env_target_alias_set=
ac_cv_env_target_alias_value=
ac_cv_exeext=.exe
ac_cv_f77_compiler_gnu=no
ac_cv_header_CoreAudio_AudioHardware_h=no
ac_cv_header_MidiShare_h=no
ac_cv_header_arpa_inet_h=yes
ac_cv_header_dlfcn_h=yes
ac_cv_header_errno_h=yes
ac_cv_header_fcntl_h=yes
ac_cv_header_inttypes_h=yes
ac_cv_header_limits_h=yes
ac_cv_header_machine_soundcard_h=no
ac_cv_header_math_h=yes
ac_cv_header_memory_h=yes
ac_cv_header_netinet_in_h=yes
ac_cv_header_netinet_tcp_h=yes
ac_cv_header_pthread_h=yes
ac_cv_header_signal_h=yes
ac_cv_header_stdarg_h=yes
ac_cv_header_stdc=yes
ac_cv_header_stdint_h=yes
ac_cv_header_stdio_h=yes
ac_cv_header_stdlib_h=yes
ac_cv_header_string_h=yes
ac_cv_header_strings_h=yes
ac_cv_header_sys_ioctl_h=yes
ac_cv_header_sys_mman_h=yes
ac_cv_header_sys_socket_h=yes
ac_cv_header_sys_soundcard_h=yes
ac_cv_header_sys_stat_h=yes
ac_cv_header_sys_time_h=yes
ac_cv_header_sys_types_h=yes
ac_cv_header_unistd_h=yes
ac_cv_header_windows_h=yes
ac_cv_host=i686-pc-cygwin
ac_cv_lib_mytinfo___tgetent=no
ac_cv_lib_ncurses___tgetent=yes
ac_cv_lib_pthread_pthread_create=yes
ac_cv_objext=o
ac_cv_path_EGREP='/usr/bin/grep -E'
ac_cv_path_GREP=/usr/bin/grep
ac_cv_path_ac_pt_PKG_CONFIG=/usr/bin/pkg-config
ac_cv_path_install='/usr/bin/install -c'
ac_cv_path_mkdir=/usr/bin/mkdir
ac_cv_prog_AWK=gawk
ac_cv_prog_CPP='gcc -E'
ac_cv_prog_CXXCPP='g++ -E'
ac_cv_prog_ac_ct_AR=ar
ac_cv_prog_ac_ct_AS=as
ac_cv_prog_ac_ct_CC=gcc
ac_cv_prog_ac_ct_CXX=g++
ac_cv_prog_ac_ct_DLLTOOL=dlltool
ac_cv_prog_ac_ct_OBJDUMP=objdump
ac_cv_prog_ac_ct_RANLIB=ranlib
ac_cv_prog_ac_ct_STRIP=strip
ac_cv_prog_cc_c89=
ac_cv_prog_cc_g=yes
ac_cv_prog_cc_gcc_c_o=yes
ac_cv_prog_cxx_g=yes
ac_cv_prog_f77_g=no
ac_cv_prog_make_make_set=yes
am_cv_CC_dependencies_compiler_type=gcc3
am_cv_CXX_dependencies_compiler_type=gcc3
lt_cv_deplibs_check_method='file_magic ^x86 archive import|^x86 DLL'
lt_cv_file_magic_cmd=func_win32_libid
lt_cv_file_magic_test_file=
lt_cv_ld_reload_flag=-r
lt_cv_objdir=.libs
lt_cv_path_LD=/usr/i686-pc-cygwin/bin/ld.exe
lt_cv_path_LDCXX=/usr/i686-pc-cygwin/bin/ld.exe
lt_cv_path_NM='/usr/bin/nm -B'
lt_cv_path_SED=/usr/bin/sed
lt_cv_prog_compiler_c_o=yes
lt_cv_prog_compiler_c_o_CXX=yes
lt_cv_prog_compiler_rtti_exceptions=no
lt_cv_prog_gnu_ld=yes
lt_cv_prog_gnu_ldcxx=yes
lt_cv_sys_global_symbol_pipe='sed -n -e '\''s/^.*[ 	]\([ABCDGIRSTW][ABCDGIRSTW]*\)[ 	][ 	]*_\([_A-Za-z][_A-Za-z0-9]*\)$/\1 _\2 \2/p'\'''
lt_cv_sys_global_symbol_to_c_name_address='sed -n -e '\''s/^: \([^ ]*\) $/  {\"\1\", (lt_ptr) 0},/p'\'' -e '\''s/^[BCDEGRST] \([^ ]*\) \([^ ]*\)$/  {"\2", (lt_ptr) \&\2},/p'\'''
lt_cv_sys_global_symbol_to_cdecl='sed -n -e '\''s/^. .* \(.*\)$/extern int \1;/p'\'''
lt_cv_sys_max_cmd_len=8192
lt_lt_cv_prog_compiler_c_o='"yes"'
lt_lt_cv_prog_compiler_c_o_CXX='"yes"'
lt_lt_cv_sys_global_symbol_pipe='"sed -n -e '\''s/^.*[ 	]\\([ABCDGIRSTW][ABCDGIRSTW]*\\)[ 	][ 	]*_\\([_A-Za-z][_A-Za-z0-9]*\\)\$/\\1 _\\2 \\2/p'\''"'
lt_lt_cv_sys_global_symbol_to_c_name_address='"sed -n -e '\''s/^: \\([^ ]*\\) \$/  {\\\"\\1\\\", (lt_ptr) 0},/p'\'' -e '\''s/^[BCDEGRST] \\([^ ]*\\) \\([^ ]*\\)\$/  {\"\\2\", (lt_ptr) \\&\\2},/p'\''"'
lt_lt_cv_sys_global_symbol_to_cdecl='"sed -n -e '\''s/^. .* \\(.*\\)\$/extern int \\1;/p'\''"'

## ----------------- ##
## Output variables. ##
## ----------------- ##

ACLOCAL='${SHELL} /cygdrive/c/dev/projects/youzic/trunk/opensource/fluid_cygwin/fluidsynth-1.0.8-1-src/fluidsynth-1.0.8/missing --run aclocal-1.10'
ALSA_CFLAGS=''
ALSA_LIBS=''
ALSA_SUPPORT_FALSE=''
ALSA_SUPPORT_TRUE='#'
AMDEPBACKSLASH='\'
AMDEP_FALSE='#'
AMDEP_TRUE=''
AMTAR='${SHELL} /cygdrive/c/dev/projects/youzic/trunk/opensource/fluid_cygwin/fluidsynth-1.0.8-1-src/fluidsynth-1.0.8/missing --run tar'
AR='ar'
AS='as'
AUTOCONF='${SHELL} /cygdrive/c/dev/projects/youzic/trunk/opensource/fluid_cygwin/fluidsynth-1.0.8-1-src/fluidsynth-1.0.8/missing --run autoconf'
AUTOHEADER='${SHELL} /cygdrive/c/dev/projects/youzic/trunk/opensource/fluid_cygwin/fluidsynth-1.0.8-1-src/fluidsynth-1.0.8/missing --run autoheader'
AUTOMAKE='${SHELL} /cygdrive/c/dev/projects/youzic/trunk/opensource/fluid_cygwin/fluidsynth-1.0.8-1-src/fluidsynth-1.0.8/missing --run automake-1.10'
AWK='gawk'
CC='gcc'
CCDEPMODE='depmode=gcc3'
CFLAGS=' -Wall  -O2 -fomit-frame-pointer -funroll-all-loops -finline-functions -Wall -W -Wpointer-arith -Wbad-function-cast -Wcast-qual -Wcast-align -Wstrict-prototypes -Wno-unused -Winline'
COREAUDIO_LIBS=''
COREAUDIO_SUPPORT_FALSE=''
COREAUDIO_SUPPORT_TRUE='#'
CPP='gcc -E'
CPPFLAGS=''
CXX='g++'
CXXCPP='g++ -E'
CXXDEPMODE='depmode=gcc3'
CXXFLAGS='-g -O2'
CYGPATH_W='cygpath -w'
DEFS='-DHAVE_CONFIG_H'
DEPDIR='.deps'
DLLTOOL='dlltool'
ECHO='echo'
ECHO_C=''
ECHO_N='-n'
ECHO_T=''
EGREP='/usr/bin/grep -E'
EXEEXT='.exe'
F77=''
FFLAGS=''
FLUIDSYNTH_VERSION='"1.0.8"'
FLUIDSYNTH_VERSION_MAJOR='1'
FLUIDSYNTH_VERSION_MICRO='8'
FLUIDSYNTH_VERSION_MINOR='0'
FLUID_CPPFLAGS=''
GREP='/usr/bin/grep'
INSTALL_DATA='${INSTALL} -m 644'
INSTALL_PROGRAM='${INSTALL}'
INSTALL_SCRIPT='${INSTALL}'
INSTALL_STRIP_PROGRAM='$(install_sh) -c -s'
JACK_CFLAGS=''
JACK_LIBS=''
JACK_SUPPORT_FALSE=''
JACK_SUPPORT_TRUE='#'
LADCCA_CFLAGS=''
LADCCA_LIBS=''
LADCCA_SUPPORT_FALSE=''
LADCCA_SUPPORT_TRUE='#'
LASH_CFLAGS=''
LASH_LIBS=''
LASH_SUPPORT_FALSE=''
LASH_SUPPORT_TRUE='#'
LDFLAGS=''
LIBFLUID_CPPFLAGS=''
LIBFLUID_LDFLAGS=''
LIBFLUID_LIBS='-lm'
LIBOBJS=''
LIBS='-lpthread '
LIBTOOL='$(SHELL) $(top_builddir)/libtool'
LN_S='ln -s'
LTLIBOBJS=''
LT_VERSION_INFO='2:2:1'
MAKEINFO='${SHELL} /cygdrive/c/dev/projects/youzic/trunk/opensource/fluid_cygwin/fluidsynth-1.0.8-1-src/fluidsynth-1.0.8/missing --run makeinfo'
MINGW32_SUPPORT_FALSE=''
MINGW32_SUPPORT_TRUE='#'
OBJDUMP='objdump'
OBJEXT='o'
OSS_SUPPORT_FALSE='#'
OSS_SUPPORT_TRUE=''
PACKAGE='fluidsynth'
PACKAGE_BUGREPORT=''
PACKAGE_NAME=''
PACKAGE_STRING=''
PACKAGE_TARNAME=''
PACKAGE_VERSION=''
PATH_SEPARATOR=':'
PKG_CONFIG='/usr/bin/pkg-config'
RANLIB='ranlib'
READLINE_CFLAGS=''
READLINE_LIBS='-lreadline -lncurses'
SED='/usr/bin/sed'
SET_MAKE=''
SHELL='/bin/sh'
STRIP='strip'
VERSION='1.0.8'
ac_ct_CC='gcc'
ac_ct_CXX='g++'
ac_ct_F77=''
am__fastdepCC_FALSE='#'
am__fastdepCC_TRUE=''
am__fastdepCXX_FALSE='#'
am__fastdepCXX_TRUE=''
am__include='include'
am__isrc=''
am__leading_dot='.'
am__quote=''
am__tar='${AMTAR} chof - "$$tardir"'
am__untar='${AMTAR} xf -'
bindir='${exec_prefix}/bin'
build='i686-pc-cygwin'
build_alias=''
build_cpu='i686'
build_os='cygwin'
build_vendor='pc'
datadir='${datarootdir}'
datarootdir='${prefix}/share'
docdir='${datarootdir}/doc/${PACKAGE}'
dvidir='${docdir}'
exec_prefix='${prefix}'
host='i686-pc-cygwin'
host_alias=''
host_cpu='i686'
host_os='cygwin'
host_vendor='pc'
htmldir='${docdir}'
includedir='${prefix}/include'
infodir='${datarootdir}/info'
install_sh='$(SHELL) /cygdrive/c/dev/projects/youzic/trunk/opensource/fluid_cygwin/fluidsynth-1.0.8-1-src/fluidsynth-1.0.8/install-sh'
libdir='${exec_prefix}/lib'
libexecdir='${exec_prefix}/libexec'
localedir='${datarootdir}/locale'
localstatedir='${prefix}/var'
mandir='${datarootdir}/man'
mkdir_p='/usr/bin/mkdir -p'
oldincludedir='/usr/include'
pdfdir='${docdir}'
prefix='/usr/local'
program_transform_name='s,x,x,'
psdir='${docdir}'
sbindir='${exec_prefix}/sbin'
sharedstatedir='${prefix}/com'
sysconfdir='${prefix}/etc'
target_alias=''

## ----------- ##
## confdefs.h. ##
## ----------- ##

#define PACKAGE_NAME ""
#define PACKAGE_TARNAME ""
#define PACKAGE_VERSION ""
#define PACKAGE_STRING ""
#define PACKAGE_BUGREPORT ""
#define PACKAGE "fluidsynth"
#define VERSION "1.0.8"
#define STDC_HEADERS 1
#define HAVE_SYS_TYPES_H 1
#define HAVE_SYS_STAT_H 1
#define HAVE_STDLIB_H 1
#define HAVE_STRING_H 1
#define HAVE_MEMORY_H 1
#define HAVE_STRINGS_H 1
#define HAVE_INTTYPES_H 1
#define HAVE_STDINT_H 1
#define HAVE_UNISTD_H 1
#define HAVE_DLFCN_H 1
#define HAVE_LIBPTHREAD 1
#define STDC_HEADERS 1
#define HAVE_STRING_H 1
#define HAVE_STDLIB_H 1
#define HAVE_STDIO_H 1
#define HAVE_MATH_H 1
#define HAVE_ERRNO_H 1
#define HAVE_STDARG_H 1
#define HAVE_UNISTD_H 1
#define HAVE_SYS_MMAN_H 1
#define HAVE_SYS_TYPES_H 1
#define HAVE_SYS_TIME_H 1
#define HAVE_SYS_STAT_H 1
#define HAVE_FCNTL_H 1
#define HAVE_SYS_SOCKET_H 1
#define HAVE_NETINET_IN_H 1
#define HAVE_NETINET_TCP_H 1
#define HAVE_ARPA_INET_H 1
#define HAVE_LIMITS_H 1
#define HAVE_PTHREAD_H 1
#define HAVE_SIGNAL_H 1
#define HAVE_WINDOWS_H 1
#define WITH_FLOAT 1
#define DEBUG 0
#define HAVE_FCNTL_H 1
#define HAVE_SYS_IOCTL_H 1
#define HAVE_SYS_SOUNDCARD_H 1
#define OSS_SUPPORT 1
#define WITH_READLINE 1

configure: exit 0
